  pch.cpp
  BSline.cpp
D:\Folder\Visualizer\Visualizer\BSlineAlgorithm\BSline.h(21,25): warning C4251: 'BSpline::knots': class 'std::vector<double,std::allocator<double>>' needs to have dll-interface to be used by clients of class 'BSpline'
  (compiling source file '/BSline.cpp')
  D:\Folder\Visualizer\Visualizer\BSlineAlgorithm\BSline.h(21,10):
  see declaration of 'std::vector<double,std::allocator<double>>'
  
D:\Folder\Visualizer\Visualizer\BSlineAlgorithm\BSline.h(22,24): warning C4251: 'BSpline::controlPoints': class 'std::vector<Point,std::allocator<Point>>' needs to have dll-interface to be used by clients of class 'BSpline'
  (compiling source file '/BSline.cpp')
  D:\Folder\Visualizer\Visualizer\BSlineAlgorithm\BSline.h(22,10):
  see declaration of 'std::vector<Point,std::allocator<Point>>'
  
D:\Folder\Visualizer\Visualizer\BSlineAlgorithm\BSline.cpp(68,25): warning C4244: 'argument': conversion from 'double' to '_Ty', possible loss of data
D:\Folder\Visualizer\Visualizer\BSlineAlgorithm\BSline.cpp(68,25): warning C4244:         with
D:\Folder\Visualizer\Visualizer\BSlineAlgorithm\BSline.cpp(68,25): warning C4244:         [
D:\Folder\Visualizer\Visualizer\BSlineAlgorithm\BSline.cpp(68,25): warning C4244:             _Ty=float
D:\Folder\Visualizer\Visualizer\BSlineAlgorithm\BSline.cpp(68,25): warning C4244:         ]
  (compiling source file '/BSline.cpp')
  
D:\Folder\Visualizer\Visualizer\BSlineAlgorithm\BSline.cpp(69,25): warning C4244: 'argument': conversion from 'double' to '_Ty', possible loss of data
D:\Folder\Visualizer\Visualizer\BSlineAlgorithm\BSline.cpp(69,25): warning C4244:         with
D:\Folder\Visualizer\Visualizer\BSlineAlgorithm\BSline.cpp(69,25): warning C4244:         [
D:\Folder\Visualizer\Visualizer\BSlineAlgorithm\BSline.cpp(69,25): warning C4244:             _Ty=float
D:\Folder\Visualizer\Visualizer\BSlineAlgorithm\BSline.cpp(69,25): warning C4244:         ]
  (compiling source file '/BSline.cpp')
  
D:\Folder\Visualizer\Visualizer\BSlineAlgorithm\BSline.cpp(70,25): warning C4244: 'argument': conversion from 'double' to '_Ty', possible loss of data
D:\Folder\Visualizer\Visualizer\BSlineAlgorithm\BSline.cpp(70,25): warning C4244:         with
D:\Folder\Visualizer\Visualizer\BSlineAlgorithm\BSline.cpp(70,25): warning C4244:         [
D:\Folder\Visualizer\Visualizer\BSlineAlgorithm\BSline.cpp(70,25): warning C4244:             _Ty=float
D:\Folder\Visualizer\Visualizer\BSlineAlgorithm\BSline.cpp(70,25): warning C4244:         ]
  (compiling source file '/BSline.cpp')
  
D:\Folder\Visualizer\Visualizer\BSlineAlgorithm\BSline.cpp(81,25): warning C4244: 'argument': conversion from 'double' to '_Ty', possible loss of data
D:\Folder\Visualizer\Visualizer\BSlineAlgorithm\BSline.cpp(81,25): warning C4244:         with
D:\Folder\Visualizer\Visualizer\BSlineAlgorithm\BSline.cpp(81,25): warning C4244:         [
D:\Folder\Visualizer\Visualizer\BSlineAlgorithm\BSline.cpp(81,25): warning C4244:             _Ty=float
D:\Folder\Visualizer\Visualizer\BSlineAlgorithm\BSline.cpp(81,25): warning C4244:         ]
  (compiling source file '/BSline.cpp')
  
D:\Folder\Visualizer\Visualizer\BSlineAlgorithm\BSline.cpp(82,25): warning C4244: 'argument': conversion from 'double' to '_Ty', possible loss of data
D:\Folder\Visualizer\Visualizer\BSlineAlgorithm\BSline.cpp(82,25): warning C4244:         with
D:\Folder\Visualizer\Visualizer\BSlineAlgorithm\BSline.cpp(82,25): warning C4244:         [
D:\Folder\Visualizer\Visualizer\BSlineAlgorithm\BSline.cpp(82,25): warning C4244:             _Ty=float
D:\Folder\Visualizer\Visualizer\BSlineAlgorithm\BSline.cpp(82,25): warning C4244:         ]
  (compiling source file '/BSline.cpp')
  
D:\Folder\Visualizer\Visualizer\BSlineAlgorithm\BSline.cpp(83,25): warning C4244: 'argument': conversion from 'double' to '_Ty', possible loss of data
D:\Folder\Visualizer\Visualizer\BSlineAlgorithm\BSline.cpp(83,25): warning C4244:         with
D:\Folder\Visualizer\Visualizer\BSlineAlgorithm\BSline.cpp(83,25): warning C4244:         [
D:\Folder\Visualizer\Visualizer\BSlineAlgorithm\BSline.cpp(83,25): warning C4244:             _Ty=float
D:\Folder\Visualizer\Visualizer\BSlineAlgorithm\BSline.cpp(83,25): warning C4244:         ]
  (compiling source file '/BSline.cpp')
  
D:\Folder\Visualizer\Visualizer\BSlineAlgorithm\BSline.cpp(94,25): warning C4244: 'argument': conversion from 'double' to '_Ty', possible loss of data
D:\Folder\Visualizer\Visualizer\BSlineAlgorithm\BSline.cpp(94,25): warning C4244:         with
D:\Folder\Visualizer\Visualizer\BSlineAlgorithm\BSline.cpp(94,25): warning C4244:         [
D:\Folder\Visualizer\Visualizer\BSlineAlgorithm\BSline.cpp(94,25): warning C4244:             _Ty=float
D:\Folder\Visualizer\Visualizer\BSlineAlgorithm\BSline.cpp(94,25): warning C4244:         ]
  (compiling source file '/BSline.cpp')
  
D:\Folder\Visualizer\Visualizer\BSlineAlgorithm\BSline.cpp(95,25): warning C4244: 'argument': conversion from 'double' to '_Ty', possible loss of data
D:\Folder\Visualizer\Visualizer\BSlineAlgorithm\BSline.cpp(95,25): warning C4244:         with
D:\Folder\Visualizer\Visualizer\BSlineAlgorithm\BSline.cpp(95,25): warning C4244:         [
D:\Folder\Visualizer\Visualizer\BSlineAlgorithm\BSline.cpp(95,25): warning C4244:             _Ty=float
D:\Folder\Visualizer\Visualizer\BSlineAlgorithm\BSline.cpp(95,25): warning C4244:         ]
  (compiling source file '/BSline.cpp')
  
D:\Folder\Visualizer\Visualizer\BSlineAlgorithm\BSline.cpp(96,25): warning C4244: 'argument': conversion from 'double' to '_Ty', possible loss of data
D:\Folder\Visualizer\Visualizer\BSlineAlgorithm\BSline.cpp(96,25): warning C4244:         with
D:\Folder\Visualizer\Visualizer\BSlineAlgorithm\BSline.cpp(96,25): warning C4244:         [
D:\Folder\Visualizer\Visualizer\BSlineAlgorithm\BSline.cpp(96,25): warning C4244:             _Ty=float
D:\Folder\Visualizer\Visualizer\BSlineAlgorithm\BSline.cpp(96,25): warning C4244:         ]
  (compiling source file '/BSline.cpp')
  
D:\Folder\Visualizer\Visualizer\BSlineAlgorithm\BSline.cpp(107,25): warning C4244: 'argument': conversion from 'double' to '_Ty', possible loss of data
D:\Folder\Visualizer\Visualizer\BSlineAlgorithm\BSline.cpp(107,25): warning C4244:         with
D:\Folder\Visualizer\Visualizer\BSlineAlgorithm\BSline.cpp(107,25): warning C4244:         [
D:\Folder\Visualizer\Visualizer\BSlineAlgorithm\BSline.cpp(107,25): warning C4244:             _Ty=float
D:\Folder\Visualizer\Visualizer\BSlineAlgorithm\BSline.cpp(107,25): warning C4244:         ]
  (compiling source file '/BSline.cpp')
  
D:\Folder\Visualizer\Visualizer\BSlineAlgorithm\BSline.cpp(108,25): warning C4244: 'argument': conversion from 'double' to '_Ty', possible loss of data
D:\Folder\Visualizer\Visualizer\BSlineAlgorithm\BSline.cpp(108,25): warning C4244:         with
D:\Folder\Visualizer\Visualizer\BSlineAlgorithm\BSline.cpp(108,25): warning C4244:         [
D:\Folder\Visualizer\Visualizer\BSlineAlgorithm\BSline.cpp(108,25): warning C4244:             _Ty=float
D:\Folder\Visualizer\Visualizer\BSlineAlgorithm\BSline.cpp(108,25): warning C4244:         ]
  (compiling source file '/BSline.cpp')
  
D:\Folder\Visualizer\Visualizer\BSlineAlgorithm\BSline.cpp(109,25): warning C4244: 'argument': conversion from 'double' to '_Ty', possible loss of data
D:\Folder\Visualizer\Visualizer\BSlineAlgorithm\BSline.cpp(109,25): warning C4244:         with
D:\Folder\Visualizer\Visualizer\BSlineAlgorithm\BSline.cpp(109,25): warning C4244:         [
D:\Folder\Visualizer\Visualizer\BSlineAlgorithm\BSline.cpp(109,25): warning C4244:             _Ty=float
D:\Folder\Visualizer\Visualizer\BSlineAlgorithm\BSline.cpp(109,25): warning C4244:         ]
  (compiling source file '/BSline.cpp')
  
  BSlineAlgorithm.cpp
  dllmain.cpp
  Generating Code...
     Creating library D:\Folder\Visualizer\x64\Debug\BSlineAlgorithm.lib and object D:\Folder\Visualizer\x64\Debug\BSlineAlgorithm.exp
  BSlineAlgorithm.vcxproj -> D:\Folder\Visualizer\x64\Debug\BSlineAlgorithm.dll
