d:\folder\visualizer\visualizer\bslinealgorithm\x64\debug\bslinealgorithm.pch
d:\folder\visualizer\visualizer\bslinealgorithm\x64\debug\vc143.pdb
d:\folder\visualizer\visualizer\bslinealgorithm\x64\debug\vc143.idb
d:\folder\visualizer\visualizer\bslinealgorithm\x64\debug\pch.obj
d:\folder\visualizer\visualizer\bslinealgorithm\x64\debug\dllmain.obj
d:\folder\visualizer\visualizer\bslinealgorithm\x64\debug\bslinealgorithm.obj
d:\folder\visualizer\visualizer\bslinealgorithm\x64\debug\bsline.obj
d:\folder\visualizer\x64\debug\bslinealgorithm.lib
d:\folder\visualizer\x64\debug\bslinealgorithm.exp
d:\folder\visualizer\x64\debug\bslinealgorithm.dll
d:\folder\visualizer\visualizer\bslinealgorithm\x64\debug\bslinealgorithm.ilk
d:\folder\visualizer\x64\debug\bslinealgorithm.pdb
d:\folder\visualizer\visualizer\bslinealgorithm\x64\debug\bslinealgorithm.tlog\cl.command.1.tlog
d:\folder\visualizer\visualizer\bslinealgorithm\x64\debug\bslinealgorithm.tlog\cl.items.tlog
d:\folder\visualizer\visualizer\bslinealgorithm\x64\debug\bslinealgorithm.tlog\cl.read.1.tlog
d:\folder\visualizer\visualizer\bslinealgorithm\x64\debug\bslinealgorithm.tlog\cl.write.1.tlog
d:\folder\visualizer\visualizer\bslinealgorithm\x64\debug\bslinealgorithm.tlog\link.command.1.tlog
d:\folder\visualizer\visualizer\bslinealgorithm\x64\debug\bslinealgorithm.tlog\link.read.1.tlog
d:\folder\visualizer\visualizer\bslinealgorithm\x64\debug\bslinealgorithm.tlog\link.write.1.tlog
d:\folder\visualizer\visualizer\bslinealgorithm\x64\debug\bslinealgorithm.tlog\link.write.2u.tlog
